<?xml version="1.0" encoding="utf-8"?><testsuites name="pytest tests"><testsuite name="pytest" errors="0" failures="0" skipped="0" tests="3" time="0.498" timestamp="2026-06-04T23:51:36.778468+00:00" hostname="agent-env-2897e338-97ae-437c-ba6e-f0cc1eebbe57"><testcase classname="backend.tests.test_leads_api" name="test_create_client_lead_success" time="0.127" /><testcase classname="backend.tests.test_leads_api" name="test_create_insurance_lead_success" time="0.045" /><testcase classname="backend.tests.test_leads_api" name="test_create_lead_invalid_email_rejected" time="0.054" /></testsuite></testsuites>